#! /c/iverilog/bin/vvp
:ivl_version "12.0 (devel)" "(s20150603-965-g55e06db6)";
:ivl_delay_selection "TYPICAL";
:vpi_time_precision + 0;
:vpi_module "C:\iverilog\lib\ivl\system.vpi";
:vpi_module "C:\iverilog\lib\ivl\vhdl_sys.vpi";
:vpi_module "C:\iverilog\lib\ivl\vhdl_textio.vpi";
:vpi_module "C:\iverilog\lib\ivl\v2005_math.vpi";
:vpi_module "C:\iverilog\lib\ivl\va_math.vpi";
S_000000000090a650 .scope module, "top" "top" 2 1;
 .timescale 0 0;
v00000000010c2570_0 .var "a", 0 0;
v00000000010c2610_0 .var "b", 0 0;
v00000000010c26b0_0 .var "c", 0 0;
v00000000010f1d50_0 .var "d", 0 0;
v00000000010f1fd0_0 .net "out", 0 0, v000000000090ae70_0;  1 drivers
v00000000010f2070_0 .var "s0", 0 0;
v00000000010f1cb0_0 .var "s1", 0 0;
S_000000000090aba0 .scope module, "name" "m41" 2 9, 3 1 0, S_000000000090a650;
 .timescale 0 0;
    .port_info 0 /INPUT 1 "a";
    .port_info 1 /INPUT 1 "b";
    .port_info 2 /INPUT 1 "c";
    .port_info 3 /INPUT 1 "d";
    .port_info 4 /INPUT 1 "s0";
    .port_info 5 /INPUT 1 "s1";
    .port_info 6 /OUTPUT 1 "out";
v0000000000909f60_0 .net "a", 0 0, v00000000010c2570_0;  1 drivers
v000000000090cc00_0 .net "b", 0 0, v00000000010c2610_0;  1 drivers
v000000000090ad30_0 .net "c", 0 0, v00000000010c26b0_0;  1 drivers
v000000000090add0_0 .net "d", 0 0, v00000000010f1d50_0;  1 drivers
v000000000090ae70_0 .var "out", 0 0;
v000000000090af10_0 .net "s0", 0 0, v00000000010f2070_0;  1 drivers
v00000000010c24d0_0 .net "s1", 0 0, v00000000010f1cb0_0;  1 drivers
E_00000000010e5720/0 .event edge, v00000000010c24d0_0, v000000000090af10_0, v000000000090add0_0, v000000000090ad30_0;
E_00000000010e5720/1 .event edge, v000000000090cc00_0, v0000000000909f60_0;
E_00000000010e5720 .event/or E_00000000010e5720/0, E_00000000010e5720/1;
    .scope S_000000000090aba0;
T_0 ;
    %wait E_00000000010e5720;
    %load/vec4 v000000000090af10_0;
    %pad/u 2;
    %load/vec4 v00000000010c24d0_0;
    %pad/u 2;
    %or;
    %dup/vec4;
    %pushi/vec4 0, 0, 2;
    %cmp/u;
    %jmp/1 T_0.0, 6;
    %dup/vec4;
    %pushi/vec4 1, 0, 2;
    %cmp/u;
    %jmp/1 T_0.1, 6;
    %dup/vec4;
    %pushi/vec4 2, 0, 2;
    %cmp/u;
    %jmp/1 T_0.2, 6;
    %dup/vec4;
    %pushi/vec4 3, 0, 2;
    %cmp/u;
    %jmp/1 T_0.3, 6;
    %jmp T_0.4;
T_0.0 ;
    %load/vec4 v0000000000909f60_0;
    %assign/vec4 v000000000090ae70_0, 0;
    %jmp T_0.4;
T_0.1 ;
    %load/vec4 v000000000090cc00_0;
    %assign/vec4 v000000000090ae70_0, 0;
    %jmp T_0.4;
T_0.2 ;
    %load/vec4 v000000000090ad30_0;
    %assign/vec4 v000000000090ae70_0, 0;
    %jmp T_0.4;
T_0.3 ;
    %load/vec4 v000000000090add0_0;
    %assign/vec4 v000000000090ae70_0, 0;
    %jmp T_0.4;
T_0.4 ;
    %pop/vec4 1;
    %jmp T_0;
    .thread T_0, $push;
    .scope S_000000000090a650;
T_1 ;
    %vpi_call 2 12 "$dumpfile", "mux.vcd" {0 0 0};
    %vpi_call 2 13 "$dumpvars", 32'sb00000000000000000000000000000001 {0 0 0};
    %end;
    .thread T_1;
    .scope S_000000000090a650;
T_2 ;
    %pushi/vec4 0, 0, 1;
    %store/vec4 v00000000010c2570_0, 0, 1;
    %pushi/vec4 0, 0, 1;
    %store/vec4 v00000000010c2610_0, 0, 1;
    %pushi/vec4 0, 0, 1;
    %store/vec4 v00000000010c26b0_0, 0, 1;
    %pushi/vec4 0, 0, 1;
    %store/vec4 v00000000010f1d50_0, 0, 1;
    %pushi/vec4 0, 0, 1;
    %store/vec4 v00000000010f2070_0, 0, 1;
    %pushi/vec4 0, 0, 1;
    %store/vec4 v00000000010f1cb0_0, 0, 1;
    %delay 500, 0;
    %vpi_call 2 19 "$finish" {0 0 0};
    %end;
    .thread T_2;
    .scope S_000000000090a650;
T_3 ;
    %delay 40, 0;
    %load/vec4 v00000000010c2570_0;
    %inv;
    %store/vec4 v00000000010c2570_0, 0, 1;
    %jmp T_3;
    .thread T_3;
    .scope S_000000000090a650;
T_4 ;
    %delay 20, 0;
    %load/vec4 v00000000010c2610_0;
    %inv;
    %store/vec4 v00000000010c2610_0, 0, 1;
    %jmp T_4;
    .thread T_4;
    .scope S_000000000090a650;
T_5 ;
    %delay 10, 0;
    %load/vec4 v00000000010c26b0_0;
    %inv;
    %store/vec4 v00000000010c26b0_0, 0, 1;
    %jmp T_5;
    .thread T_5;
    .scope S_000000000090a650;
T_6 ;
    %delay 5, 0;
    %load/vec4 v00000000010f1d50_0;
    %inv;
    %store/vec4 v00000000010f1d50_0, 0, 1;
    %jmp T_6;
    .thread T_6;
    .scope S_000000000090a650;
T_7 ;
    %delay 80, 0;
    %load/vec4 v00000000010f2070_0;
    %inv;
    %store/vec4 v00000000010f2070_0, 0, 1;
    %jmp T_7;
    .thread T_7;
    .scope S_000000000090a650;
T_8 ;
    %delay 160, 0;
    %load/vec4 v00000000010f1cb0_0;
    %inv;
    %store/vec4 v00000000010f1cb0_0, 0, 1;
    %jmp T_8;
    .thread T_8;
    .scope S_000000000090a650;
T_9 ;
    %wait E_00000000010e5720;
    %vpi_call 2 28 "$monitor", "At time = %t, Output = %d", $time, v00000000010f1fd0_0 {0 0 0};
    %jmp T_9;
    .thread T_9, $push;
# The file index is used to find the file name in the following table.
:file_names 4;
    "N/A";
    "<interactive>";
    ".\tlb.v";
    ".\mux.v";
